Using pre-set license
Built from '2020.2/staging' branch; Version is '2020.2.3f1 (8ff31bc5bf5b) revision 9433883'; Using compiler version '192528614'; Build Type 'Release'
OS: 'Windows 8.1  (6.3.0) 64bit' Language: 'ru' Physical Memory: 16257 MB
BatchMode: 1, IsHumanControllingUs: 0, StartBugReporterOnCrash: 0, Is64bit: 1, IsPro: 0

 COMMAND LINE ARGUMENTS:
C:\Unity\2020.2.3f1\Editor\Unity.exe
-adb2
-batchMode
-noUpm
-name
AssetImportWorker0
-projectPath
E:/Unity Project/Squares
-logFile
Logs/AssetImportWorker0.log
-srvPort
59832
Successfully changed project path to: E:/Unity Project/Squares
E:/Unity Project/Squares
Using Asset Import Pipeline V2.
Refreshing native plugins compatible for Editor in 127.70 ms, found 1 plugins.
Preloading 0 native plugins for Editor in 0.00 ms.
Initialize engine version: 2020.2.3f1 (8ff31bc5bf5b)
[Subsystems] Discovering subsystems at path C:/Unity/2020.2.3f1/Editor/Data/Resources/UnitySubsystems
[Subsystems] Discovering subsystems at path E:/Unity Project/Squares/Assets
GfxDevice: creating device client; threaded=0
d3d11: QueryInterface(IDXGIFactory5) failed (80004002).
Direct3D:
    Version:  Direct3D 11.0 [level 10.1]
    Renderer: Intel(R) HD Graphics (ID=0x102)
    Vendor:   
    VRAM:     1632 MB
    Driver:   9.17.10.3223
Initialize mono
Mono path[0] = 'C:/Unity/2020.2.3f1/Editor/Data/Managed'
Mono path[1] = 'C:/Unity/2020.2.3f1/Editor/Data/MonoBleedingEdge/lib/mono/unityjit'
Mono config path = 'C:/Unity/2020.2.3f1/Editor/Data/MonoBleedingEdge/etc'
Using monoOptions --debugger-agent=transport=dt_socket,embedding=1,server=y,suspend=n,address=127.0.0.1:56560
Begin MonoManager ReloadAssembly
Registering precompiled unity dll's ...
Register platform support module: C:/Unity/2020.2.3f1/Editor/Data/PlaybackEngines/WindowsStandaloneSupport/UnityEditor.WindowsStandalone.Extensions.dll
Registered in 0.002439 seconds.
Native extension for WindowsStandalone target not found
Refreshing native plugins compatible for Editor in 100.37 ms, found 1 plugins.
Preloading 0 native plugins for Editor in 0.00 ms.
Invoked RoslynAnalysisRunner static constructor.
RoslynAnalysisRunner will not be running.
RoslynAnalysisRunner has terminated.
Mono: successfully reloaded assembly
- Completed reload, in  4.315 seconds
Platform modules already initialized, skipping
Registering precompiled user dll's ...
Registered in 0.001258 seconds.
Begin MonoManager ReloadAssembly
Error: Could not load signature of Unity.Android.Logcat.AndroidLogcat:.ctor due to: Could not load file or assembly 'UnityEditor.Android.Extensions, Version=1.0.0.0, Culture=neutral, PublicKeyToken=null' or one of its dependencies. assembly:UnityEditor.Android.Extensions, Version=1.0.0.0, Culture=neutral, PublicKeyToken=null type:<unknown type> member:(null) signature:<none>
0x00007ff6101e4f3c (Unity) StackWalker::GetCurrentCallstack
0x00007ff6101ed319 (Unity) StackWalker::ShowCallstack
0x00007ff6116bae6c (Unity) GetStacktrace
0x00007ff612798013 (Unity) DebugStringToFile
0x00007ff61000b9fb (Unity) ScanForAttributesAndInterfaceImplementations
0x00007ff61001edca (Unity) MonoManager::EndReloadAssembly
0x00007ff610025ff9 (Unity) MonoManager::ReloadAssembly
0x00007ff6113c5391 (Unity) LoadDomainAndUserAssemblies
0x00007ff6113c583e (Unity) LoadUserAssemblies
0x00007ff610d508a1 (Unity) Application::InitializeProject
0x00007ff6116c8422 (Unity) WinMain
0x00007ff61352e3c6 (Unity) __scrt_common_main_seh
0x00007ff830fa13f2 (KERNEL32) BaseThreadInitThunk
0x00007ff8318254f4 (ntdll) RtlUserThreadStart

Unloading broken assembly Library/ScriptAssemblies/Unity.Mobile.AndroidLogcat.Editor.dll, this assembly can cause crashes in the runtime
0x00007ff6101e4f3c (Unity) StackWalker::GetCurrentCallstack
0x00007ff6101ed319 (Unity) StackWalker::ShowCallstack
0x00007ff6116bae6c (Unity) GetStacktrace
0x00007ff612798013 (Unity) DebugStringToFile
0x00007ff610027b49 (Unity) MonoManager::SetupLoadedEditorAssemblies
0x00007ff61001f11c (Unity) MonoManager::EndReloadAssembly
0x00007ff610025ff9 (Unity) MonoManager::ReloadAssembly
0x00007ff6113c5391 (Unity) LoadDomainAndUserAssemblies
0x00007ff6113c583e (Unity) LoadUserAssemblies
0x00007ff610d508a1 (Unity) Application::InitializeProject
0x00007ff6116c8422 (Unity) WinMain
0x00007ff61352e3c6 (Unity) __scrt_common_main_seh
0x00007ff830fa13f2 (KERNEL32) BaseThreadInitThunk
0x00007ff8318254f4 (ntdll) RtlUserThreadStart

Native extension for WindowsStandalone target not found
Refreshing native plugins compatible for Editor in 135.74 ms, found 1 plugins.
Preloading 0 native plugins for Editor in 0.00 ms.
Invoked RoslynAnalysisRunner static constructor.
RoslynAnalysisRunner will not be running.
RoslynAnalysisRunner has terminated.
Mono: successfully reloaded assembly
- Completed reload, in  3.292 seconds
Platform modules already initialized, skipping
========================================================================
Worker process is ready to serve import requests
Launched and connected shader compiler UnityShaderCompiler.exe after 0.03 seconds
Refreshing native plugins compatible for Editor in 1.06 ms, found 1 plugins.
Preloading 0 native plugins for Editor in 0.00 ms.
Unloading 1929 Unused Serialized files (Serialized files now loaded: 0)
System memory in use before: 88.2 MB.
System memory in use after: 88.3 MB.

Unloading 32 unused Assets to reduce memory usage. Loaded Objects now: 2363.
Total: 4.589334 ms (FindLiveObjects: 0.343985 ms CreateObjectMapping: 0.161233 ms MarkObjects: 3.931492 ms  DeleteObjects: 0.148983 ms)

========================================================================
Received Import Request.
  path: Assets/01_MainGame/00_ECS/02_RunLevel/06_FinishSystem.cs
  artifactKey: Guid(21736dd6e5479f3488da5f034ce3cd56) Importer(815301076,1909f56bfc062723c751e8b465ee728b)
Start importing Assets/01_MainGame/00_ECS/02_RunLevel/06_FinishSystem.cs using Guid(21736dd6e5479f3488da5f034ce3cd56) Importer(815301076,1909f56bfc062723c751e8b465ee728b)  -> (artifact id: 'edc9db8a08fe9255dde40f3a8f569f1e') in 0.023861 seconds
  Import took 0.030234 seconds .

========================================================================
Received Import Request.
  Time since last request: 12.535068 seconds.
  path: Assets/01_MainGame/00_ECS/02_RunLevel/06_CheckFinishSystem.cs
  artifactKey: Guid(21736dd6e5479f3488da5f034ce3cd56) Importer(815301076,1909f56bfc062723c751e8b465ee728b)
Start importing Assets/01_MainGame/00_ECS/02_RunLevel/06_CheckFinishSystem.cs using Guid(21736dd6e5479f3488da5f034ce3cd56) Importer(815301076,1909f56bfc062723c751e8b465ee728b)  -> (artifact id: '8455449dfd923f60e4c97e08d65221c5') in 0.001865 seconds
  Import took 0.009619 seconds .

========================================================================
Received Prepare
Registering precompiled user dll's ...
Registered in 0.001460 seconds.
Begin MonoManager ReloadAssembly
Error: Could not load signature of Unity.Android.Logcat.AndroidLogcat:.ctor due to: Could not load file or assembly 'UnityEditor.Android.Extensions, Version=1.0.0.0, Culture=neutral, PublicKeyToken=null' or one of its dependencies. assembly:UnityEditor.Android.Extensions, Version=1.0.0.0, Culture=neutral, PublicKeyToken=null type:<unknown type> member:(null) signature:<none>
0x00007ff6101e4f3c (Unity) StackWalker::GetCurrentCallstack
0x00007ff6101ed319 (Unity) StackWalker::ShowCallstack
0x00007ff6116bae6c (Unity) GetStacktrace
0x00007ff612798013 (Unity) DebugStringToFile
0x00007ff61000b9fb (Unity) ScanForAttributesAndInterfaceImplementations
0x00007ff61001edca (Unity) MonoManager::EndReloadAssembly
0x00007ff610025ff9 (Unity) MonoManager::ReloadAssembly
0x00007ff6113c5391 (Unity) LoadDomainAndUserAssemblies
0x00007ff6113c583e (Unity) LoadUserAssemblies
0x00007ff6117eed59 (Unity) <lambda_fe9441f73272b7bdb4fc543a788e7929>::operator()
0x00007ff6118b90f2 (Unity) asio::detail::completion_handler<core::mutable_function<void __cdecl(void)> >::do_complete
0x00007ff6118bb250 (Unity) asio::detail::win_iocp_io_service::do_one
0x00007ff6118be9de (Unity) asio::io_service::run
0x00007ff611834f10 (Unity) RunAssetImportWorkerClientV2
0x00007ff611834f60 (Unity) RunAssetImporterV2
0x00007ff610d508a6 (Unity) Application::InitializeProject
0x00007ff6116c8422 (Unity) WinMain
0x00007ff61352e3c6 (Unity) __scrt_common_main_seh
0x00007ff830fa13f2 (KERNEL32) BaseThreadInitThunk
0x00007ff8318254f4 (ntdll) RtlUserThreadStart

Unloading broken assembly Library/ScriptAssemblies/Unity.Mobile.AndroidLogcat.Editor.dll, this assembly can cause crashes in the runtime
0x00007ff6101e4f3c (Unity) StackWalker::GetCurrentCallstack
0x00007ff6101ed319 (Unity) StackWalker::ShowCallstack
0x00007ff6116bae6c (Unity) GetStacktrace
0x00007ff612798013 (Unity) DebugStringToFile
0x00007ff610027b49 (Unity) MonoManager::SetupLoadedEditorAssemblies
0x00007ff61001f11c (Unity) MonoManager::EndReloadAssembly
0x00007ff610025ff9 (Unity) MonoManager::ReloadAssembly
0x00007ff6113c5391 (Unity) LoadDomainAndUserAssemblies
0x00007ff6113c583e (Unity) LoadUserAssemblies
0x00007ff6117eed59 (Unity) <lambda_fe9441f73272b7bdb4fc543a788e7929>::operator()
0x00007ff6118b90f2 (Unity) asio::detail::completion_handler<core::mutable_function<void __cdecl(void)> >::do_complete
0x00007ff6118bb250 (Unity) asio::detail::win_iocp_io_service::do_one
0x00007ff6118be9de (Unity) asio::io_service::run
0x00007ff611834f10 (Unity) RunAssetImportWorkerClientV2
0x00007ff611834f60 (Unity) RunAssetImporterV2
0x00007ff610d508a6 (Unity) Application::InitializeProject
0x00007ff6116c8422 (Unity) WinMain
0x00007ff61352e3c6 (Unity) __scrt_common_main_seh
0x00007ff830fa13f2 (KERNEL32) BaseThreadInitThunk
0x00007ff8318254f4 (ntdll) RtlUserThreadStart

Native extension for WindowsStandalone target not found
Refreshing native plugins compatible for Editor in 1.04 ms, found 1 plugins.
Preloading 0 native plugins for Editor in 0.00 ms.
Invoked RoslynAnalysisRunner static constructor.
RoslynAnalysisRunner will not be running.
RoslynAnalysisRunner has terminated.
Mono: successfully reloaded assembly
- Completed reload, in  2.618 seconds
Platform modules already initialized, skipping
Switching build target platform(5) subTarget(0) extendedPlatform(0) -> platform(13) subTarget(537395200) extendedPlatform(0)
Refreshing native plugins compatible for Editor in 1.60 ms, found 1 plugins.
Preloading 0 native plugins for Editor in 0.00 ms.
Unloading 1922 Unused Serialized files (Serialized files now loaded: 0)
System memory in use before: 87.8 MB.
System memory in use after: 87.9 MB.

Unloading 20 unused Assets to reduce memory usage. Loaded Objects now: 2366.
Total: 12.336773 ms (FindLiveObjects: 0.457212 ms CreateObjectMapping: 0.222150 ms MarkObjects: 11.607088 ms  DeleteObjects: 0.046681 ms)

AssetImportParameters requested are different than current active one (requested -> active):
  custom:graphics/normal-map-encoding: 01000000000000000000000000000000 -> 02000000000000000000000000000000
========================================================================
Received Prepare
Registering precompiled user dll's ...
Registered in 0.000883 seconds.
Begin MonoManager ReloadAssembly
Error: Could not load signature of Unity.Android.Logcat.AndroidLogcat:.ctor due to: Could not load file or assembly 'UnityEditor.Android.Extensions, Version=1.0.0.0, Culture=neutral, PublicKeyToken=null' or one of its dependencies. assembly:UnityEditor.Android.Extensions, Version=1.0.0.0, Culture=neutral, PublicKeyToken=null type:<unknown type> member:(null) signature:<none>
0x00007ff6101e4f3c (Unity) StackWalker::GetCurrentCallstack
0x00007ff6101ed319 (Unity) StackWalker::ShowCallstack
0x00007ff6116bae6c (Unity) GetStacktrace
0x00007ff612798013 (Unity) DebugStringToFile
0x00007ff61000b9fb (Unity) ScanForAttributesAndInterfaceImplementations
0x00007ff61001edca (Unity) MonoManager::EndReloadAssembly
0x00007ff610025ff9 (Unity) MonoManager::ReloadAssembly
0x00007ff6113c5391 (Unity) LoadDomainAndUserAssemblies
0x00007ff6113c583e (Unity) LoadUserAssemblies
0x00007ff6117eed59 (Unity) <lambda_fe9441f73272b7bdb4fc543a788e7929>::operator()
0x00007ff6118b90f2 (Unity) asio::detail::completion_handler<core::mutable_function<void __cdecl(void)> >::do_complete
0x00007ff6118bb250 (Unity) asio::detail::win_iocp_io_service::do_one
0x00007ff6118be9de (Unity) asio::io_service::run
0x00007ff611834f10 (Unity) RunAssetImportWorkerClientV2
0x00007ff611834f60 (Unity) RunAssetImporterV2
0x00007ff610d508a6 (Unity) Application::InitializeProject
0x00007ff6116c8422 (Unity) WinMain
0x00007ff61352e3c6 (Unity) __scrt_common_main_seh
0x00007ff830fa13f2 (KERNEL32) BaseThreadInitThunk
0x00007ff8318254f4 (ntdll) RtlUserThreadStart

Unloading broken assembly Library/ScriptAssemblies/Unity.Mobile.AndroidLogcat.Editor.dll, this assembly can cause crashes in the runtime
0x00007ff6101e4f3c (Unity) StackWalker::GetCurrentCallstack
0x00007ff6101ed319 (Unity) StackWalker::ShowCallstack
0x00007ff6116bae6c (Unity) GetStacktrace
0x00007ff612798013 (Unity) DebugStringToFile
0x00007ff610027b49 (Unity) MonoManager::SetupLoadedEditorAssemblies
0x00007ff61001f11c (Unity) MonoManager::EndReloadAssembly
0x00007ff610025ff9 (Unity) MonoManager::ReloadAssembly
0x00007ff6113c5391 (Unity) LoadDomainAndUserAssemblies
0x00007ff6113c583e (Unity) LoadUserAssemblies
0x00007ff6117eed59 (Unity) <lambda_fe9441f73272b7bdb4fc543a788e7929>::operator()
0x00007ff6118b90f2 (Unity) asio::detail::completion_handler<core::mutable_function<void __cdecl(void)> >::do_complete
0x00007ff6118bb250 (Unity) asio::detail::win_iocp_io_service::do_one
0x00007ff6118be9de (Unity) asio::io_service::run
0x00007ff611834f10 (Unity) RunAssetImportWorkerClientV2
0x00007ff611834f60 (Unity) RunAssetImporterV2
0x00007ff610d508a6 (Unity) Application::InitializeProject
0x00007ff6116c8422 (Unity) WinMain
0x00007ff61352e3c6 (Unity) __scrt_common_main_seh
0x00007ff830fa13f2 (KERNEL32) BaseThreadInitThunk
0x00007ff8318254f4 (ntdll) RtlUserThreadStart

Native extension for WindowsStandalone target not found
Refreshing native plugins compatible for Editor in 1.31 ms, found 1 plugins.
Preloading 0 native plugins for Editor in 0.00 ms.
Invoked RoslynAnalysisRunner static constructor.
RoslynAnalysisRunner will not be running.
RoslynAnalysisRunner has terminated.
Mono: successfully reloaded assembly
- Completed reload, in  2.699 seconds
Platform modules already initialized, skipping
Switching build target platform(5) subTarget(0) extendedPlatform(0) -> platform(13) subTarget(537395200) extendedPlatform(0)
Refreshing native plugins compatible for Editor in 1.07 ms, found 1 plugins.
Preloading 0 native plugins for Editor in 0.00 ms.
Unloading 1922 Unused Serialized files (Serialized files now loaded: 0)
System memory in use before: 87.9 MB.
System memory in use after: 88.0 MB.

Unloading 20 unused Assets to reduce memory usage. Loaded Objects now: 2369.
Total: 5.524946 ms (FindLiveObjects: 0.323458 ms CreateObjectMapping: 0.150307 ms MarkObjects: 4.981986 ms  DeleteObjects: 0.064890 ms)

AssetImportParameters requested are different than current active one (requested -> active):
  custom:graphics/normal-map-encoding: 01000000000000000000000000000000 -> 02000000000000000000000000000000
========================================================================
Received Import Request.
  Time since last request: 78.635908 seconds.
  path: Assets/01_MainGame/00_ECS/02_RunLevel/06_CheckFinishSystem.cs
  artifactKey: Guid(21736dd6e5479f3488da5f034ce3cd56) Importer(815301076,1909f56bfc062723c751e8b465ee728b)
Start importing Assets/01_MainGame/00_ECS/02_RunLevel/06_CheckFinishSystem.cs using Guid(21736dd6e5479f3488da5f034ce3cd56) Importer(815301076,1909f56bfc062723c751e8b465ee728b)  -> (artifact id: 'c408061ab703e3fb654df3c9d36d74b2') in 0.012181 seconds
  Import took 0.021057 seconds .

========================================================================
Received Prepare
Registering precompiled user dll's ...
Registered in 0.001598 seconds.
Begin MonoManager ReloadAssembly
Error: Could not load signature of Unity.Android.Logcat.AndroidLogcat:.ctor due to: Could not load file or assembly 'UnityEditor.Android.Extensions, Version=1.0.0.0, Culture=neutral, PublicKeyToken=null' or one of its dependencies. assembly:UnityEditor.Android.Extensions, Version=1.0.0.0, Culture=neutral, PublicKeyToken=null type:<unknown type> member:(null) signature:<none>
0x00007ff6101e4f3c (Unity) StackWalker::GetCurrentCallstack
0x00007ff6101ed319 (Unity) StackWalker::ShowCallstack
0x00007ff6116bae6c (Unity) GetStacktrace
0x00007ff612798013 (Unity) DebugStringToFile
0x00007ff61000b9fb (Unity) ScanForAttributesAndInterfaceImplementations
0x00007ff61001edca (Unity) MonoManager::EndReloadAssembly
0x00007ff610025ff9 (Unity) MonoManager::ReloadAssembly
0x00007ff6113c5391 (Unity) LoadDomainAndUserAssemblies
0x00007ff6113c583e (Unity) LoadUserAssemblies
0x00007ff6117eed59 (Unity) <lambda_fe9441f73272b7bdb4fc543a788e7929>::operator()
0x00007ff6118b90f2 (Unity) asio::detail::completion_handler<core::mutable_function<void __cdecl(void)> >::do_complete
0x00007ff6118bb250 (Unity) asio::detail::win_iocp_io_service::do_one
0x00007ff6118be9de (Unity) asio::io_service::run
0x00007ff611834f10 (Unity) RunAssetImportWorkerClientV2
0x00007ff611834f60 (Unity) RunAssetImporterV2
0x00007ff610d508a6 (Unity) Application::InitializeProject
0x00007ff6116c8422 (Unity) WinMain
0x00007ff61352e3c6 (Unity) __scrt_common_main_seh
0x00007ff830fa13f2 (KERNEL32) BaseThreadInitThunk
0x00007ff8318254f4 (ntdll) RtlUserThreadStart

Unloading broken assembly Library/ScriptAssemblies/Unity.Mobile.AndroidLogcat.Editor.dll, this assembly can cause crashes in the runtime
0x00007ff6101e4f3c (Unity) StackWalker::GetCurrentCallstack
0x00007ff6101ed319 (Unity) StackWalker::ShowCallstack
0x00007ff6116bae6c (Unity) GetStacktrace
0x00007ff612798013 (Unity) DebugStringToFile
0x00007ff610027b49 (Unity) MonoManager::SetupLoadedEditorAssemblies
0x00007ff61001f11c (Unity) MonoManager::EndReloadAssembly
0x00007ff610025ff9 (Unity) MonoManager::ReloadAssembly
0x00007ff6113c5391 (Unity) LoadDomainAndUserAssemblies
0x00007ff6113c583e (Unity) LoadUserAssemblies
0x00007ff6117eed59 (Unity) <lambda_fe9441f73272b7bdb4fc543a788e7929>::operator()
0x00007ff6118b90f2 (Unity) asio::detail::completion_handler<core::mutable_function<void __cdecl(void)> >::do_complete
0x00007ff6118bb250 (Unity) asio::detail::win_iocp_io_service::do_one
0x00007ff6118be9de (Unity) asio::io_service::run
0x00007ff611834f10 (Unity) RunAssetImportWorkerClientV2
0x00007ff611834f60 (Unity) RunAssetImporterV2
0x00007ff610d508a6 (Unity) Application::InitializeProject
0x00007ff6116c8422 (Unity) WinMain
0x00007ff61352e3c6 (Unity) __scrt_common_main_seh
0x00007ff830fa13f2 (KERNEL32) BaseThreadInitThunk
0x00007ff8318254f4 (ntdll) RtlUserThreadStart

Native extension for WindowsStandalone target not found
Refreshing native plugins compatible for Editor in 1.12 ms, found 1 plugins.
Preloading 0 native plugins for Editor in 0.00 ms.
Invoked RoslynAnalysisRunner static constructor.
RoslynAnalysisRunner will not be running.
RoslynAnalysisRunner has terminated.
Mono: successfully reloaded assembly
- Completed reload, in  2.519 seconds
Platform modules already initialized, skipping
Switching build target platform(5) subTarget(0) extendedPlatform(0) -> platform(13) subTarget(537395200) extendedPlatform(0)
Refreshing native plugins compatible for Editor in 1.09 ms, found 1 plugins.
Preloading 0 native plugins for Editor in 0.00 ms.
Unloading 1922 Unused Serialized files (Serialized files now loaded: 0)
System memory in use before: 87.9 MB.
System memory in use after: 88.0 MB.

Unloading 20 unused Assets to reduce memory usage. Loaded Objects now: 2372.
Total: 4.436047 ms (FindLiveObjects: 0.310215 ms CreateObjectMapping: 0.150638 ms MarkObjects: 3.926195 ms  DeleteObjects: 0.045688 ms)

AssetImportParameters requested are different than current active one (requested -> active):
  custom:graphics/normal-map-encoding: 01000000000000000000000000000000 -> 02000000000000000000000000000000
========================================================================
Received Import Request.
  Time since last request: 142.989470 seconds.
  path: Assets/01_MainGame/00_ECS/02_RunLevel/06_CheckFinishSystem.cs
  artifactKey: Guid(21736dd6e5479f3488da5f034ce3cd56) Importer(815301076,1909f56bfc062723c751e8b465ee728b)
Start importing Assets/01_MainGame/00_ECS/02_RunLevel/06_CheckFinishSystem.cs using Guid(21736dd6e5479f3488da5f034ce3cd56) Importer(815301076,1909f56bfc062723c751e8b465ee728b)  -> (artifact id: '846109651899af92afd8e059299c2a91') in 0.014323 seconds
  Import took 0.022792 seconds .

========================================================================
Received Import Request.
  Time since last request: 34.686609 seconds.
  path: Assets/01_MainGame/00_ECS/02_RunLevel/07_FinishSystem.cs
  artifactKey: Guid(edc75e3b2b8ced84ea34f532febd87d3) Importer(815301076,1909f56bfc062723c751e8b465ee728b)
Start importing Assets/01_MainGame/00_ECS/02_RunLevel/07_FinishSystem.cs using Guid(edc75e3b2b8ced84ea34f532febd87d3) Importer(815301076,1909f56bfc062723c751e8b465ee728b)  -> (artifact id: 'ad78a26bf6fddd6bb5a1a8ba6606eec0') in 0.006077 seconds
  Import took 0.017316 seconds .

========================================================================
Received Prepare
Registering precompiled user dll's ...
Registered in 0.001357 seconds.
Begin MonoManager ReloadAssembly
Error: Could not load signature of Unity.Android.Logcat.AndroidLogcat:.ctor due to: Could not load file or assembly 'UnityEditor.Android.Extensions, Version=1.0.0.0, Culture=neutral, PublicKeyToken=null' or one of its dependencies. assembly:UnityEditor.Android.Extensions, Version=1.0.0.0, Culture=neutral, PublicKeyToken=null type:<unknown type> member:(null) signature:<none>
0x00007ff6101e4f3c (Unity) StackWalker::GetCurrentCallstack
0x00007ff6101ed319 (Unity) StackWalker::ShowCallstack
0x00007ff6116bae6c (Unity) GetStacktrace
0x00007ff612798013 (Unity) DebugStringToFile
0x00007ff61000b9fb (Unity) ScanForAttributesAndInterfaceImplementations
0x00007ff61001edca (Unity) MonoManager::EndReloadAssembly
0x00007ff610025ff9 (Unity) MonoManager::ReloadAssembly
0x00007ff6113c5391 (Unity) LoadDomainAndUserAssemblies
0x00007ff6113c583e (Unity) LoadUserAssemblies
0x00007ff6117eed59 (Unity) <lambda_fe9441f73272b7bdb4fc543a788e7929>::operator()
0x00007ff6118b90f2 (Unity) asio::detail::completion_handler<core::mutable_function<void __cdecl(void)> >::do_complete
0x00007ff6118bb250 (Unity) asio::detail::win_iocp_io_service::do_one
0x00007ff6118be9de (Unity) asio::io_service::run
0x00007ff611834f10 (Unity) RunAssetImportWorkerClientV2
0x00007ff611834f60 (Unity) RunAssetImporterV2
0x00007ff610d508a6 (Unity) Application::InitializeProject
0x00007ff6116c8422 (Unity) WinMain
0x00007ff61352e3c6 (Unity) __scrt_common_main_seh
0x00007ff830fa13f2 (KERNEL32) BaseThreadInitThunk
0x00007ff8318254f4 (ntdll) RtlUserThreadStart

Unloading broken assembly Library/ScriptAssemblies/Unity.Mobile.AndroidLogcat.Editor.dll, this assembly can cause crashes in the runtime
0x00007ff6101e4f3c (Unity) StackWalker::GetCurrentCallstack
0x00007ff6101ed319 (Unity) StackWalker::ShowCallstack
0x00007ff6116bae6c (Unity) GetStacktrace
0x00007ff612798013 (Unity) DebugStringToFile
0x00007ff610027b49 (Unity) MonoManager::SetupLoadedEditorAssemblies
0x00007ff61001f11c (Unity) MonoManager::EndReloadAssembly
0x00007ff610025ff9 (Unity) MonoManager::ReloadAssembly
0x00007ff6113c5391 (Unity) LoadDomainAndUserAssemblies
0x00007ff6113c583e (Unity) LoadUserAssemblies
0x00007ff6117eed59 (Unity) <lambda_fe9441f73272b7bdb4fc543a788e7929>::operator()
0x00007ff6118b90f2 (Unity) asio::detail::completion_handler<core::mutable_function<void __cdecl(void)> >::do_complete
0x00007ff6118bb250 (Unity) asio::detail::win_iocp_io_service::do_one
0x00007ff6118be9de (Unity) asio::io_service::run
0x00007ff611834f10 (Unity) RunAssetImportWorkerClientV2
0x00007ff611834f60 (Unity) RunAssetImporterV2
0x00007ff610d508a6 (Unity) Application::InitializeProject
0x00007ff6116c8422 (Unity) WinMain
0x00007ff61352e3c6 (Unity) __scrt_common_main_seh
0x00007ff830fa13f2 (KERNEL32) BaseThreadInitThunk
0x00007ff8318254f4 (ntdll) RtlUserThreadStart

Native extension for WindowsStandalone target not found
Refreshing native plugins compatible for Editor in 1.62 ms, found 1 plugins.
Preloading 0 native plugins for Editor in 0.00 ms.
Invoked RoslynAnalysisRunner static constructor.
RoslynAnalysisRunner will not be running.
RoslynAnalysisRunner has terminated.
Mono: successfully reloaded assembly
- Completed reload, in  2.726 seconds
Platform modules already initialized, skipping
Switching build target platform(5) subTarget(0) extendedPlatform(0) -> platform(13) subTarget(537395200) extendedPlatform(0)
Refreshing native plugins compatible for Editor in 1.38 ms, found 1 plugins.
Preloading 0 native plugins for Editor in 0.00 ms.
Unloading 1923 Unused Serialized files (Serialized files now loaded: 0)
System memory in use before: 87.9 MB.
System memory in use after: 88.0 MB.

Unloading 20 unused Assets to reduce memory usage. Loaded Objects now: 2376.
Total: 3.288879 ms (FindLiveObjects: 0.239366 ms CreateObjectMapping: 0.111572 ms MarkObjects: 2.898213 ms  DeleteObjects: 0.037411 ms)

AssetImportParameters requested are different than current active one (requested -> active):
  custom:graphics/normal-map-encoding: 01000000000000000000000000000000 -> 02000000000000000000000000000000
========================================================================
Received Import Request.
  Time since last request: 130.900110 seconds.
  path: Assets/01_MainGame/00_ECS/02_RunLevel/07_FinishSystem.cs
  artifactKey: Guid(edc75e3b2b8ced84ea34f532febd87d3) Importer(815301076,1909f56bfc062723c751e8b465ee728b)
Start importing Assets/01_MainGame/00_ECS/02_RunLevel/07_FinishSystem.cs using Guid(edc75e3b2b8ced84ea34f532febd87d3) Importer(815301076,1909f56bfc062723c751e8b465ee728b)  -> (artifact id: '18d8f344f098a48523eb6175e507092a') in 0.010460 seconds
  Import took 0.020259 seconds .

========================================================================
Received Import Request.
  Time since last request: 0.046664 seconds.
  path: Assets/01_MainGame/00_ECS/02_RunLevel/07_FinishSystem.cs
  artifactKey: Guid(edc75e3b2b8ced84ea34f532febd87d3) Importer(815301076,1909f56bfc062723c751e8b465ee728b)
Start importing Assets/01_MainGame/00_ECS/02_RunLevel/07_FinishSystem.cs using Guid(edc75e3b2b8ced84ea34f532febd87d3) Importer(815301076,1909f56bfc062723c751e8b465ee728b)  -> (artifact id: '18d8f344f098a48523eb6175e507092a') in 0.004024 seconds
  Import took 0.013257 seconds .

========================================================================
Received Prepare
Registering precompiled user dll's ...
Registered in 0.002072 seconds.
Begin MonoManager ReloadAssembly
Error: Could not load signature of Unity.Android.Logcat.AndroidLogcat:.ctor due to: Could not load file or assembly 'UnityEditor.Android.Extensions, Version=1.0.0.0, Culture=neutral, PublicKeyToken=null' or one of its dependencies. assembly:UnityEditor.Android.Extensions, Version=1.0.0.0, Culture=neutral, PublicKeyToken=null type:<unknown type> member:(null) signature:<none>
0x00007ff6101e4f3c (Unity) StackWalker::GetCurrentCallstack
0x00007ff6101ed319 (Unity) StackWalker::ShowCallstack
0x00007ff6116bae6c (Unity) GetStacktrace
0x00007ff612798013 (Unity) DebugStringToFile
0x00007ff61000b9fb (Unity) ScanForAttributesAndInterfaceImplementations
0x00007ff61001edca (Unity) MonoManager::EndReloadAssembly
0x00007ff610025ff9 (Unity) MonoManager::ReloadAssembly
0x00007ff6113c5391 (Unity) LoadDomainAndUserAssemblies
0x00007ff6113c583e (Unity) LoadUserAssemblies
0x00007ff6117eed59 (Unity) <lambda_fe9441f73272b7bdb4fc543a788e7929>::operator()
0x00007ff6118b90f2 (Unity) asio::detail::completion_handler<core::mutable_function<void __cdecl(void)> >::do_complete
0x00007ff6118bb250 (Unity) asio::detail::win_iocp_io_service::do_one
0x00007ff6118be9de (Unity) asio::io_service::run
0x00007ff611834f10 (Unity) RunAssetImportWorkerClientV2
0x00007ff611834f60 (Unity) RunAssetImporterV2
0x00007ff610d508a6 (Unity) Application::InitializeProject
0x00007ff6116c8422 (Unity) WinMain
0x00007ff61352e3c6 (Unity) __scrt_common_main_seh
0x00007ff830fa13f2 (KERNEL32) BaseThreadInitThunk
0x00007ff8318254f4 (ntdll) RtlUserThreadStart

Unloading broken assembly Library/ScriptAssemblies/Unity.Mobile.AndroidLogcat.Editor.dll, this assembly can cause crashes in the runtime
0x00007ff6101e4f3c (Unity) StackWalker::GetCurrentCallstack
0x00007ff6101ed319 (Unity) StackWalker::ShowCallstack
0x00007ff6116bae6c (Unity) GetStacktrace
0x00007ff612798013 (Unity) DebugStringToFile
0x00007ff610027b49 (Unity) MonoManager::SetupLoadedEditorAssemblies
0x00007ff61001f11c (Unity) MonoManager::EndReloadAssembly
0x00007ff610025ff9 (Unity) MonoManager::ReloadAssembly
0x00007ff6113c5391 (Unity) LoadDomainAndUserAssemblies
0x00007ff6113c583e (Unity) LoadUserAssemblies
0x00007ff6117eed59 (Unity) <lambda_fe9441f73272b7bdb4fc543a788e7929>::operator()
0x00007ff6118b90f2 (Unity) asio::detail::completion_handler<core::mutable_function<void __cdecl(void)> >::do_complete
0x00007ff6118bb250 (Unity) asio::detail::win_iocp_io_service::do_one
0x00007ff6118be9de (Unity) asio::io_service::run
0x00007ff611834f10 (Unity) RunAssetImportWorkerClientV2
0x00007ff611834f60 (Unity) RunAssetImporterV2
0x00007ff610d508a6 (Unity) Application::InitializeProject
0x00007ff6116c8422 (Unity) WinMain
0x00007ff61352e3c6 (Unity) __scrt_common_main_seh
0x00007ff830fa13f2 (KERNEL32) BaseThreadInitThunk
0x00007ff8318254f4 (ntdll) RtlUserThreadStart

Native extension for WindowsStandalone target not found
Refreshing native plugins compatible for Editor in 1.68 ms, found 1 plugins.
Preloading 0 native plugins for Editor in 0.00 ms.
Invoked RoslynAnalysisRunner static constructor.
RoslynAnalysisRunner will not be running.
RoslynAnalysisRunner has terminated.
Mono: successfully reloaded assembly
- Completed reload, in  2.651 seconds
Platform modules already initialized, skipping
Switching build target platform(5) subTarget(0) extendedPlatform(0) -> platform(13) subTarget(537395200) extendedPlatform(0)
Refreshing native plugins compatible for Editor in 1.11 ms, found 1 plugins.
Preloading 0 native plugins for Editor in 0.00 ms.
Unloading 1923 Unused Serialized files (Serialized files now loaded: 0)
System memory in use before: 87.9 MB.
System memory in use after: 88.1 MB.

Unloading 20 unused Assets to reduce memory usage. Loaded Objects now: 2379.
Total: 4.395656 ms (FindLiveObjects: 0.303925 ms CreateObjectMapping: 0.149976 ms MarkObjects: 3.892756 ms  DeleteObjects: 0.046681 ms)

AssetImportParameters requested are different than current active one (requested -> active):
  custom:graphics/normal-map-encoding: 01000000000000000000000000000000 -> 02000000000000000000000000000000
========================================================================
Received Prepare
Registering precompiled user dll's ...
Registered in 0.001443 seconds.
Begin MonoManager ReloadAssembly
Error: Could not load signature of Unity.Android.Logcat.AndroidLogcat:.ctor due to: Could not load file or assembly 'UnityEditor.Android.Extensions, Version=1.0.0.0, Culture=neutral, PublicKeyToken=null' or one of its dependencies. assembly:UnityEditor.Android.Extensions, Version=1.0.0.0, Culture=neutral, PublicKeyToken=null type:<unknown type> member:(null) signature:<none>
0x00007ff6101e4f3c (Unity) StackWalker::GetCurrentCallstack
0x00007ff6101ed319 (Unity) StackWalker::ShowCallstack
0x00007ff6116bae6c (Unity) GetStacktrace
0x00007ff612798013 (Unity) DebugStringToFile
0x00007ff61000b9fb (Unity) ScanForAttributesAndInterfaceImplementations
0x00007ff61001edca (Unity) MonoManager::EndReloadAssembly
0x00007ff610025ff9 (Unity) MonoManager::ReloadAssembly
0x00007ff6113c5391 (Unity) LoadDomainAndUserAssemblies
0x00007ff6113c583e (Unity) LoadUserAssemblies
0x00007ff6117eed59 (Unity) <lambda_fe9441f73272b7bdb4fc543a788e7929>::operator()
0x00007ff6118b90f2 (Unity) asio::detail::completion_handler<core::mutable_function<void __cdecl(void)> >::do_complete
0x00007ff6118bb250 (Unity) asio::detail::win_iocp_io_service::do_one
0x00007ff6118be9de (Unity) asio::io_service::run
0x00007ff611834f10 (Unity) RunAssetImportWorkerClientV2
0x00007ff611834f60 (Unity) RunAssetImporterV2
0x00007ff610d508a6 (Unity) Application::InitializeProject
0x00007ff6116c8422 (Unity) WinMain
0x00007ff61352e3c6 (Unity) __scrt_common_main_seh
0x00007ff830fa13f2 (KERNEL32) BaseThreadInitThunk
0x00007ff8318254f4 (ntdll) RtlUserThreadStart

Unloading broken assembly Library/ScriptAssemblies/Unity.Mobile.AndroidLogcat.Editor.dll, this assembly can cause crashes in the runtime
0x00007ff6101e4f3c (Unity) StackWalker::GetCurrentCallstack
0x00007ff6101ed319 (Unity) StackWalker::ShowCallstack
0x00007ff6116bae6c (Unity) GetStacktrace
0x00007ff612798013 (Unity) DebugStringToFile
0x00007ff610027b49 (Unity) MonoManager::SetupLoadedEditorAssemblies
0x00007ff61001f11c (Unity) MonoManager::EndReloadAssembly
0x00007ff610025ff9 (Unity) MonoManager::ReloadAssembly
0x00007ff6113c5391 (Unity) LoadDomainAndUserAssemblies
0x00007ff6113c583e (Unity) LoadUserAssemblies
0x00007ff6117eed59 (Unity) <lambda_fe9441f73272b7bdb4fc543a788e7929>::operator()
0x00007ff6118b90f2 (Unity) asio::detail::completion_handler<core::mutable_function<void __cdecl(void)> >::do_complete
0x00007ff6118bb250 (Unity) asio::detail::win_iocp_io_service::do_one
0x00007ff6118be9de (Unity) asio::io_service::run
0x00007ff611834f10 (Unity) RunAssetImportWorkerClientV2
0x00007ff611834f60 (Unity) RunAssetImporterV2
0x00007ff610d508a6 (Unity) Application::InitializeProject
0x00007ff6116c8422 (Unity) WinMain
0x00007ff61352e3c6 (Unity) __scrt_common_main_seh
0x00007ff830fa13f2 (KERNEL32) BaseThreadInitThunk
0x00007ff8318254f4 (ntdll) RtlUserThreadStart

Native extension for WindowsStandalone target not found
Refreshing native plugins compatible for Editor in 1.36 ms, found 1 plugins.
Preloading 0 native plugins for Editor in 0.00 ms.
Invoked RoslynAnalysisRunner static constructor.
RoslynAnalysisRunner will not be running.
RoslynAnalysisRunner has terminated.
Mono: successfully reloaded assembly
- Completed reload, in  2.702 seconds
Platform modules already initialized, skipping
Switching build target platform(5) subTarget(0) extendedPlatform(0) -> platform(13) subTarget(537395200) extendedPlatform(0)
Refreshing native plugins compatible for Editor in 1.05 ms, found 1 plugins.
Preloading 0 native plugins for Editor in 0.00 ms.
Unloading 1923 Unused Serialized files (Serialized files now loaded: 0)
System memory in use before: 88.0 MB.
System memory in use after: 88.1 MB.

Unloading 20 unused Assets to reduce memory usage. Loaded Objects now: 2382.
Total: 4.786322 ms (FindLiveObjects: 0.326107 ms CreateObjectMapping: 0.169178 ms MarkObjects: 4.225816 ms  DeleteObjects: 0.059593 ms)

AssetImportParameters requested are different than current active one (requested -> active):
  custom:graphics/normal-map-encoding: 01000000000000000000000000000000 -> 02000000000000000000000000000000
========================================================================
Received Import Request.
  Time since last request: 87.975647 seconds.
  path: Assets/01_MainGame/00_ECS/02_RunLevel/07_FinishSystem.cs
  artifactKey: Guid(edc75e3b2b8ced84ea34f532febd87d3) Importer(815301076,1909f56bfc062723c751e8b465ee728b)
Start importing Assets/01_MainGame/00_ECS/02_RunLevel/07_FinishSystem.cs using Guid(edc75e3b2b8ced84ea34f532febd87d3) Importer(815301076,1909f56bfc062723c751e8b465ee728b)  -> (artifact id: 'bea07fed43698c2da92a209f30da8936') in 0.007844 seconds
  Import took 0.014758 seconds .

========================================================================
Received Import Request.
  Time since last request: 0.042909 seconds.
  path: Assets/01_MainGame/00_ECS/02_RunLevel/07_FinishSystem.cs
  artifactKey: Guid(edc75e3b2b8ced84ea34f532febd87d3) Importer(815301076,1909f56bfc062723c751e8b465ee728b)
Start importing Assets/01_MainGame/00_ECS/02_RunLevel/07_FinishSystem.cs using Guid(edc75e3b2b8ced84ea34f532febd87d3) Importer(815301076,1909f56bfc062723c751e8b465ee728b)  -> (artifact id: 'bea07fed43698c2da92a209f30da8936') in 0.003921 seconds
  Import took 0.011964 seconds .

========================================================================
Received Prepare
Registering precompiled user dll's ...
Registered in 0.001399 seconds.
Begin MonoManager ReloadAssembly
Error: Could not load signature of Unity.Android.Logcat.AndroidLogcat:.ctor due to: Could not load file or assembly 'UnityEditor.Android.Extensions, Version=1.0.0.0, Culture=neutral, PublicKeyToken=null' or one of its dependencies. assembly:UnityEditor.Android.Extensions, Version=1.0.0.0, Culture=neutral, PublicKeyToken=null type:<unknown type> member:(null) signature:<none>
0x00007ff6101e4f3c (Unity) StackWalker::GetCurrentCallstack
0x00007ff6101ed319 (Unity) StackWalker::ShowCallstack
0x00007ff6116bae6c (Unity) GetStacktrace
0x00007ff612798013 (Unity) DebugStringToFile
0x00007ff61000b9fb (Unity) ScanForAttributesAndInterfaceImplementations
0x00007ff61001edca (Unity) MonoManager::EndReloadAssembly
0x00007ff610025ff9 (Unity) MonoManager::ReloadAssembly
0x00007ff6113c5391 (Unity) LoadDomainAndUserAssemblies
0x00007ff6113c583e (Unity) LoadUserAssemblies
0x00007ff6117eed59 (Unity) <lambda_fe9441f73272b7bdb4fc543a788e7929>::operator()
0x00007ff6118b90f2 (Unity) asio::detail::completion_handler<core::mutable_function<void __cdecl(void)> >::do_complete
0x00007ff6118bb250 (Unity) asio::detail::win_iocp_io_service::do_one
0x00007ff6118be9de (Unity) asio::io_service::run
0x00007ff611834f10 (Unity) RunAssetImportWorkerClientV2
0x00007ff611834f60 (Unity) RunAssetImporterV2
0x00007ff610d508a6 (Unity) Application::InitializeProject
0x00007ff6116c8422 (Unity) WinMain
0x00007ff61352e3c6 (Unity) __scrt_common_main_seh
0x00007ff830fa13f2 (KERNEL32) BaseThreadInitThunk
0x00007ff8318254f4 (ntdll) RtlUserThreadStart

Unloading broken assembly Library/ScriptAssemblies/Unity.Mobile.AndroidLogcat.Editor.dll, this assembly can cause crashes in the runtime
0x00007ff6101e4f3c (Unity) StackWalker::GetCurrentCallstack
0x00007ff6101ed319 (Unity) StackWalker::ShowCallstack
0x00007ff6116bae6c (Unity) GetStacktrace
0x00007ff612798013 (Unity) DebugStringToFile
0x00007ff610027b49 (Unity) MonoManager::SetupLoadedEditorAssemblies
0x00007ff61001f11c (Unity) MonoManager::EndReloadAssembly
0x00007ff610025ff9 (Unity) MonoManager::ReloadAssembly
0x00007ff6113c5391 (Unity) LoadDomainAndUserAssemblies
0x00007ff6113c583e (Unity) LoadUserAssemblies
0x00007ff6117eed59 (Unity) <lambda_fe9441f73272b7bdb4fc543a788e7929>::operator()
0x00007ff6118b90f2 (Unity) asio::detail::completion_handler<core::mutable_function<void __cdecl(void)> >::do_complete
0x00007ff6118bb250 (Unity) asio::detail::win_iocp_io_service::do_one
0x00007ff6118be9de (Unity) asio::io_service::run
0x00007ff611834f10 (Unity) RunAssetImportWorkerClientV2
0x00007ff611834f60 (Unity) RunAssetImporterV2
0x00007ff610d508a6 (Unity) Application::InitializeProject
0x00007ff6116c8422 (Unity) WinMain
0x00007ff61352e3c6 (Unity) __scrt_common_main_seh
0x00007ff830fa13f2 (KERNEL32) BaseThreadInitThunk
0x00007ff8318254f4 (ntdll) RtlUserThreadStart

Native extension for WindowsStandalone target not found
Refreshing native plugins compatible for Editor in 1.44 ms, found 1 plugins.
Preloading 0 native plugins for Editor in 0.00 ms.
Invoked RoslynAnalysisRunner static constructor.
RoslynAnalysisRunner will not be running.
RoslynAnalysisRunner has terminated.
Mono: successfully reloaded assembly
- Completed reload, in  2.540 seconds
Platform modules already initialized, skipping
Switching build target platform(5) subTarget(0) extendedPlatform(0) -> platform(13) subTarget(537395200) extendedPlatform(0)
Refreshing native plugins compatible for Editor in 1.07 ms, found 1 plugins.
Preloading 0 native plugins for Editor in 0.00 ms.
Unloading 1923 Unused Serialized files (Serialized files now loaded: 0)
System memory in use before: 88.0 MB.
System memory in use after: 88.1 MB.

Unloading 20 unused Assets to reduce memory usage. Loaded Objects now: 2385.
Total: 4.306266 ms (FindLiveObjects: 0.343323 ms CreateObjectMapping: 0.151300 ms MarkObjects: 3.768604 ms  DeleteObjects: 0.041053 ms)

AssetImportParameters requested are different than current active one (requested -> active):
  custom:graphics/normal-map-encoding: 01000000000000000000000000000000 -> 02000000000000000000000000000000
========================================================================
Received Prepare
Registering precompiled user dll's ...
Registered in 0.001076 seconds.
Begin MonoManager ReloadAssembly
Error: Could not load signature of Unity.Android.Logcat.AndroidLogcat:.ctor due to: Could not load file or assembly 'UnityEditor.Android.Extensions, Version=1.0.0.0, Culture=neutral, PublicKeyToken=null' or one of its dependencies. assembly:UnityEditor.Android.Extensions, Version=1.0.0.0, Culture=neutral, PublicKeyToken=null type:<unknown type> member:(null) signature:<none>
0x00007ff6101e4f3c (Unity) StackWalker::GetCurrentCallstack
0x00007ff6101ed319 (Unity) StackWalker::ShowCallstack
0x00007ff6116bae6c (Unity) GetStacktrace
0x00007ff612798013 (Unity) DebugStringToFile
0x00007ff61000b9fb (Unity) ScanForAttributesAndInterfaceImplementations
0x00007ff61001edca (Unity) MonoManager::EndReloadAssembly
0x00007ff610025ff9 (Unity) MonoManager::ReloadAssembly
0x00007ff6113c5391 (Unity) LoadDomainAndUserAssemblies
0x00007ff6113c583e (Unity) LoadUserAssemblies
0x00007ff6117eed59 (Unity) <lambda_fe9441f73272b7bdb4fc543a788e7929>::operator()
0x00007ff6118b90f2 (Unity) asio::detail::completion_handler<core::mutable_function<void __cdecl(void)> >::do_complete
0x00007ff6118bb250 (Unity) asio::detail::win_iocp_io_service::do_one
0x00007ff6118be9de (Unity) asio::io_service::run
0x00007ff611834f10 (Unity) RunAssetImportWorkerClientV2
0x00007ff611834f60 (Unity) RunAssetImporterV2
0x00007ff610d508a6 (Unity) Application::InitializeProject
0x00007ff6116c8422 (Unity) WinMain
0x00007ff61352e3c6 (Unity) __scrt_common_main_seh
0x00007ff830fa13f2 (KERNEL32) BaseThreadInitThunk
0x00007ff8318254f4 (ntdll) RtlUserThreadStart

Unloading broken assembly Library/ScriptAssemblies/Unity.Mobile.AndroidLogcat.Editor.dll, this assembly can cause crashes in the runtime
0x00007ff6101e4f3c (Unity) StackWalker::GetCurrentCallstack
0x00007ff6101ed319 (Unity) StackWalker::ShowCallstack
0x00007ff6116bae6c (Unity) GetStacktrace
0x00007ff612798013 (Unity) DebugStringToFile
0x00007ff610027b49 (Unity) MonoManager::SetupLoadedEditorAssemblies
0x00007ff61001f11c (Unity) MonoManager::EndReloadAssembly
0x00007ff610025ff9 (Unity) MonoManager::ReloadAssembly
0x00007ff6113c5391 (Unity) LoadDomainAndUserAssemblies
0x00007ff6113c583e (Unity) LoadUserAssemblies
0x00007ff6117eed59 (Unity) <lambda_fe9441f73272b7bdb4fc543a788e7929>::operator()
0x00007ff6118b90f2 (Unity) asio::detail::completion_handler<core::mutable_function<void __cdecl(void)> >::do_complete
0x00007ff6118bb250 (Unity) asio::detail::win_iocp_io_service::do_one
0x00007ff6118be9de (Unity) asio::io_service::run
0x00007ff611834f10 (Unity) RunAssetImportWorkerClientV2
0x00007ff611834f60 (Unity) RunAssetImporterV2
0x00007ff610d508a6 (Unity) Application::InitializeProject
0x00007ff6116c8422 (Unity) WinMain
0x00007ff61352e3c6 (Unity) __scrt_common_main_seh
0x00007ff830fa13f2 (KERNEL32) BaseThreadInitThunk
0x00007ff8318254f4 (ntdll) RtlUserThreadStart

Native extension for WindowsStandalone target not found
Refreshing native plugins compatible for Editor in 1.23 ms, found 1 plugins.
Preloading 0 native plugins for Editor in 0.00 ms.
Invoked RoslynAnalysisRunner static constructor.
RoslynAnalysisRunner will not be running.
RoslynAnalysisRunner has terminated.
Mono: successfully reloaded assembly
- Completed reload, in  2.655 seconds
Platform modules already initialized, skipping
Switching build target platform(5) subTarget(0) extendedPlatform(0) -> platform(13) subTarget(537395200) extendedPlatform(0)
Refreshing native plugins compatible for Editor in 1.09 ms, found 1 plugins.
Preloading 0 native plugins for Editor in 0.00 ms.
Unloading 1923 Unused Serialized files (Serialized files now loaded: 0)
System memory in use before: 88.0 MB.
System memory in use after: 88.1 MB.

Unloading 20 unused Assets to reduce memory usage. Loaded Objects now: 2388.
Total: 3.801380 ms (FindLiveObjects: 0.279757 ms CreateObjectMapping: 0.142361 ms MarkObjects: 3.322980 ms  DeleteObjects: 0.053634 ms)

AssetImportParameters requested are different than current active one (requested -> active):
  custom:graphics/normal-map-encoding: 01000000000000000000000000000000 -> 02000000000000000000000000000000
AssetImportWorkerClient::OnTransportError - code=2 error=End of file
